2021-12-04 17:17:44,243 [INFO]: ==================== Options ====================
2021-12-04 17:17:44,243 [INFO]: scale: 4
2021-12-04 17:17:44,243 [INFO]: manual_seed: 0
2021-12-04 17:17:44,243 [INFO]: verbose: True
2021-12-04 17:17:44,243 [INFO]: dataset:
2021-12-04 17:17:44,243 [INFO]:   degradation:
2021-12-04 17:17:44,243 [INFO]:     type: BD
2021-12-04 17:17:44,243 [INFO]:     sigma: 1.5
2021-12-04 17:17:44,243 [INFO]:   train:
2021-12-04 17:17:44,243 [INFO]:     name: VimeoTecoGAN
2021-12-04 17:17:44,243 [INFO]:     seq_dir: data/VimeoTecoGAN/GT.lmdb
2021-12-04 17:17:44,243 [INFO]:     filter_file: None
2021-12-04 17:17:44,243 [INFO]:     data_type: rgb
2021-12-04 17:17:44,243 [INFO]:     crop_size: 128
2021-12-04 17:17:44,243 [INFO]:     batch_size: 4
2021-12-04 17:17:44,243 [INFO]:     num_workers: 4
2021-12-04 17:17:44,243 [INFO]:     pin_memory: True
2021-12-04 17:17:44,243 [INFO]:   test:
2021-12-04 17:17:44,243 [INFO]:     name: Vid4
2021-12-04 17:17:44,243 [INFO]:     gt_seq_dir: data/Vid4/GT
2021-12-04 17:17:44,243 [INFO]:     lr_seq_dir: data/Vid4/Gaussian4xLR
2021-12-04 17:17:44,243 [INFO]:     filter_file: None
2021-12-04 17:17:44,243 [INFO]:     num_workers: 4
2021-12-04 17:17:44,243 [INFO]:     pin_memory: True
2021-12-04 17:17:44,243 [INFO]: model:
2021-12-04 17:17:44,243 [INFO]:   name: TecoGAN
2021-12-04 17:17:44,244 [INFO]:   generator:
2021-12-04 17:17:44,244 [INFO]:     name: EGVSR
2021-12-04 17:17:44,244 [INFO]:     in_nc: 3
2021-12-04 17:17:44,244 [INFO]:     out_nc: 3
2021-12-04 17:17:44,244 [INFO]:     nf: 64
2021-12-04 17:17:44,244 [INFO]:     nb: 10
2021-12-04 17:17:44,244 [INFO]:     load_path: None
2021-12-04 17:17:44,244 [INFO]:   discriminator:
2021-12-04 17:17:44,244 [INFO]:     name: STNet
2021-12-04 17:17:44,244 [INFO]:     in_nc: 3
2021-12-04 17:17:44,244 [INFO]:     tempo_range: 3
2021-12-04 17:17:44,244 [INFO]:     load_path: None
2021-12-04 17:17:44,244 [INFO]: train:
2021-12-04 17:17:44,244 [INFO]:   tempo_extent: 10
2021-12-04 17:17:44,244 [INFO]:   start_iter: 0
2021-12-04 17:17:44,244 [INFO]:   total_iter: 100000
2021-12-04 17:17:44,244 [INFO]:   generator:
2021-12-04 17:17:44,244 [INFO]:     lr: 0.0001
2021-12-04 17:17:44,244 [INFO]:     lr_schedule:
2021-12-04 17:17:44,244 [INFO]:       type: MultiStepLR
2021-12-04 17:17:44,244 [INFO]:       milestones: ['5e4', '8e4']
2021-12-04 17:17:44,244 [INFO]:       gamma: 0.25
2021-12-04 17:17:44,244 [INFO]:     beta1: 0.9
2021-12-04 17:17:44,244 [INFO]:     beta2: 0.999
2021-12-04 17:17:44,244 [INFO]:   discriminator:
2021-12-04 17:17:44,244 [INFO]:     update_policy: adaptive
2021-12-04 17:17:44,244 [INFO]:     update_threshold: 0.4
2021-12-04 17:17:44,244 [INFO]:     crop_border_ratio: 0.75
2021-12-04 17:17:44,244 [INFO]:     lr: 0.0001
2021-12-04 17:17:44,244 [INFO]:     lr_schedule:
2021-12-04 17:17:44,244 [INFO]:       type: MultiStepLR
2021-12-04 17:17:44,244 [INFO]:       milestones: ['5e4', '8e4']
2021-12-04 17:17:44,244 [INFO]:       gamma: 0.25
2021-12-04 17:17:44,244 [INFO]:     beta1: 0.9
2021-12-04 17:17:44,244 [INFO]:     beta2: 0.999
2021-12-04 17:17:44,244 [INFO]:   moving_first_frame: True
2021-12-04 17:17:44,244 [INFO]:   moving_factor: 0.7
2021-12-04 17:17:44,244 [INFO]:   pixel_crit:
2021-12-04 17:17:44,244 [INFO]:     type: CB
2021-12-04 17:17:44,244 [INFO]:     weight: 1
2021-12-04 17:17:44,244 [INFO]:     reduction: mean
2021-12-04 17:17:44,244 [INFO]:   warping_crit:
2021-12-04 17:17:44,244 [INFO]:     type: CB
2021-12-04 17:17:44,244 [INFO]:     weight: 1
2021-12-04 17:17:44,244 [INFO]:     reduction: mean
2021-12-04 17:17:44,244 [INFO]:   feature_crit:
2021-12-04 17:17:44,244 [INFO]:     type: CosineSimilarity
2021-12-04 17:17:44,244 [INFO]:     weight: 0.2
2021-12-04 17:17:44,244 [INFO]:     reduction: mean
2021-12-04 17:17:44,244 [INFO]:     feature_layers: [8, 17, 26, 35]
2021-12-04 17:17:44,244 [INFO]:   pingpong_crit:
2021-12-04 17:17:44,244 [INFO]:     type: CB
2021-12-04 17:17:44,244 [INFO]:     weight: 0.5
2021-12-04 17:17:44,244 [INFO]:     reduction: mean
2021-12-04 17:17:44,244 [INFO]:   gan_crit:
2021-12-04 17:17:44,244 [INFO]:     type: GAN
2021-12-04 17:17:44,244 [INFO]:     weight: 0.01
2021-12-04 17:17:44,244 [INFO]:     reduction: mean
2021-12-04 17:17:44,244 [INFO]:   ckpt_dir: ./experiments_BD/EGVSR/001/train/ckpt
2021-12-04 17:17:44,244 [INFO]: test:
2021-12-04 17:17:44,244 [INFO]:   test_freq: 1000
2021-12-04 17:17:44,244 [INFO]:   save_res: False
2021-12-04 17:17:44,244 [INFO]:   res_dir: None
2021-12-04 17:17:44,244 [INFO]:   save_json: True
2021-12-04 17:17:44,244 [INFO]:   json_dir: ./experiments_BD/EGVSR/001/test/metrics
2021-12-04 17:17:44,244 [INFO]:   padding_mode: reflect
2021-12-04 17:17:44,244 [INFO]:   num_pad_front: 5
2021-12-04 17:17:44,244 [INFO]: metric:
2021-12-04 17:17:44,244 [INFO]:   PSNR:
2021-12-04 17:17:44,244 [INFO]:     colorspace: y
2021-12-04 17:17:44,244 [INFO]:     mult: 1.0
2021-12-04 17:17:44,244 [INFO]:   LPIPS:
2021-12-04 17:17:44,244 [INFO]:     model: net-lin
2021-12-04 17:17:44,244 [INFO]:     net: alex
2021-12-04 17:17:44,244 [INFO]:     colorspace: rgb
2021-12-04 17:17:44,244 [INFO]:     spatial: False
2021-12-04 17:17:44,244 [INFO]:     version: 0.1
2021-12-04 17:17:44,245 [INFO]:     mult: 1.0
2021-12-04 17:17:44,245 [INFO]:   tOF:
2021-12-04 17:17:44,245 [INFO]:     mult: 1.0
2021-12-04 17:17:44,245 [INFO]: logger:
2021-12-04 17:17:44,245 [INFO]:   log_freq: 100
2021-12-04 17:17:44,245 [INFO]:   decay: 0.99
2021-12-04 17:17:44,245 [INFO]:   ckpt_freq: 20000
2021-12-04 17:17:44,245 [INFO]: exp_dir: ./experiments_BD/EGVSR/001
2021-12-04 17:17:44,245 [INFO]: device: cuda
2021-12-04 17:17:44,245 [INFO]: is_train: True
2021-12-04 17:17:47,771 [INFO]: ==================== Model Info ====================
2021-12-04 17:17:47,771 [INFO]: Model: TecoGAN
2021-12-04 17:17:47,817 [INFO]: Generator: EGVSR
FRNet(
  (upsample_func): BicubicUpsample()
  (fnet): FNet(
    (encoder1): Sequential(
      (0): Conv2d(6, 32, kernel_size=(3, 3), stride=(1, 1), padding=(1, 1))
      (1): LeakyReLU(negative_slope=0.2, inplace=True)
      (2): Conv2d(32, 32, kernel_size=(3, 3), stride=(1, 1), padding=(1, 1))
      (3): LeakyReLU(negative_slope=0.2, inplace=True)
      (4): MaxPool2d(kernel_size=2, stride=2, padding=0, dilation=1, ceil_mode=False)
    )
    (encoder2): Sequential(
      (0): Conv2d(32, 64, kernel_size=(3, 3), stride=(1, 1), padding=(1, 1))
      (1): LeakyReLU(negative_slope=0.2, inplace=True)
      (2): Conv2d(64, 64, kernel_size=(3, 3), stride=(1, 1), padding=(1, 1))
      (3): LeakyReLU(negative_slope=0.2, inplace=True)
      (4): MaxPool2d(kernel_size=2, stride=2, padding=0, dilation=1, ceil_mode=False)
    )
    (encoder3): Sequential(
      (0): Conv2d(64, 128, kernel_size=(3, 3), stride=(1, 1), padding=(1, 1))
      (1): LeakyReLU(negative_slope=0.2, inplace=True)
      (2): Conv2d(128, 128, kernel_size=(3, 3), stride=(1, 1), padding=(1, 1))
      (3): LeakyReLU(negative_slope=0.2, inplace=True)
      (4): MaxPool2d(kernel_size=2, stride=2, padding=0, dilation=1, ceil_mode=False)
    )
    (decoder1): Sequential(
      (0): Conv2d(128, 256, kernel_size=(3, 3), stride=(1, 1), padding=(1, 1))
      (1): LeakyReLU(negative_slope=0.2, inplace=True)
      (2): Conv2d(256, 256, kernel_size=(3, 3), stride=(1, 1), padding=(1, 1))
      (3): LeakyReLU(negative_slope=0.2, inplace=True)
    )
    (decoder2): Sequential(
      (0): Conv2d(256, 128, kernel_size=(3, 3), stride=(1, 1), padding=(1, 1))
      (1): LeakyReLU(negative_slope=0.2, inplace=True)
      (2): Conv2d(128, 128, kernel_size=(3, 3), stride=(1, 1), padding=(1, 1))
      (3): LeakyReLU(negative_slope=0.2, inplace=True)
    )
    (decoder3): Sequential(
      (0): Conv2d(128, 64, kernel_size=(3, 3), stride=(1, 1), padding=(1, 1))
      (1): LeakyReLU(negative_slope=0.2, inplace=True)
      (2): Conv2d(64, 64, kernel_size=(3, 3), stride=(1, 1), padding=(1, 1))
      (3): LeakyReLU(negative_slope=0.2, inplace=True)
    )
    (flow): Sequential(
      (0): Conv2d(64, 32, kernel_size=(3, 3), stride=(1, 1), padding=(1, 1))
      (1): LeakyReLU(negative_slope=0.2, inplace=True)
      (2): Conv2d(32, 2, kernel_size=(3, 3), stride=(1, 1), padding=(1, 1))
    )
  )
  (srnet): SRNet(
    (conv_in): Sequential(
      (0): Conv2d(51, 64, kernel_size=(3, 3), stride=(1, 1), padding=(1, 1))
      (1): ReLU(inplace=True)
    )
    (resblocks): Sequential(
      (0): ResidualBlock(
        (conv): Sequential(
          (0): Conv2d(64, 64, kernel_size=(3, 3), stride=(1, 1), padding=(1, 1))
          (1): ReLU(inplace=True)
          (2): Conv2d(64, 64, kernel_size=(3, 3), stride=(1, 1), padding=(1, 1))
        )
      )
      (1): ResidualBlock(
        (conv): Sequential(
          (0): Conv2d(64, 64, kernel_size=(3, 3), stride=(1, 1), padding=(1, 1))
          (1): ReLU(inplace=True)
          (2): Conv2d(64, 64, kernel_size=(3, 3), stride=(1, 1), padding=(1, 1))
        )
      )
      (2): ResidualBlock(
        (conv): Sequential(
          (0): Conv2d(64, 64, kernel_size=(3, 3), stride=(1, 1), padding=(1, 1))
          (1): ReLU(inplace=True)
          (2): Conv2d(64, 64, kernel_size=(3, 3), stride=(1, 1), padding=(1, 1))
        )
      )
      (3): ResidualBlock(
        (conv): Sequential(
          (0): Conv2d(64, 64, kernel_size=(3, 3), stride=(1, 1), padding=(1, 1))
          (1): ReLU(inplace=True)
          (2): Conv2d(64, 64, kernel_size=(3, 3), stride=(1, 1), padding=(1, 1))
        )
      )
      (4): ResidualBlock(
        (conv): Sequential(
          (0): Conv2d(64, 64, kernel_size=(3, 3), stride=(1, 1), padding=(1, 1))
          (1): ReLU(inplace=True)
          (2): Conv2d(64, 64, kernel_size=(3, 3), stride=(1, 1), padding=(1, 1))
        )
      )
      (5): ResidualBlock(
        (conv): Sequential(
          (0): Conv2d(64, 64, kernel_size=(3, 3), stride=(1, 1), padding=(1, 1))
          (1): ReLU(inplace=True)
          (2): Conv2d(64, 64, kernel_size=(3, 3), stride=(1, 1), padding=(1, 1))
        )
      )
      (6): ResidualBlock(
        (conv): Sequential(
          (0): Conv2d(64, 64, kernel_size=(3, 3), stride=(1, 1), padding=(1, 1))
          (1): ReLU(inplace=True)
          (2): Conv2d(64, 64, kernel_size=(3, 3), stride=(1, 1), padding=(1, 1))
        )
      )
      (7): ResidualBlock(
        (conv): Sequential(
          (0): Conv2d(64, 64, kernel_size=(3, 3), stride=(1, 1), padding=(1, 1))
          (1): ReLU(inplace=True)
          (2): Conv2d(64, 64, kernel_size=(3, 3), stride=(1, 1), padding=(1, 1))
        )
      )
      (8): ResidualBlock(
        (conv): Sequential(
          (0): Conv2d(64, 64, kernel_size=(3, 3), stride=(1, 1), padding=(1, 1))
          (1): ReLU(inplace=True)
          (2): Conv2d(64, 64, kernel_size=(3, 3), stride=(1, 1), padding=(1, 1))
        )
      )
      (9): ResidualBlock(
        (conv): Sequential(
          (0): Conv2d(64, 64, kernel_size=(3, 3), stride=(1, 1), padding=(1, 1))
          (1): ReLU(inplace=True)
          (2): Conv2d(64, 64, kernel_size=(3, 3), stride=(1, 1), padding=(1, 1))
        )
      )
    )
    (conv_up): Sequential(
      (0): ConvTranspose2d(64, 64, kernel_size=(3, 3), stride=(2, 2), padding=(1, 1), output_padding=(1, 1))
      (1): ReLU(inplace=True)
      (2): ConvTranspose2d(64, 64, kernel_size=(3, 3), stride=(2, 2), padding=(1, 1), output_padding=(1, 1))
      (3): ReLU(inplace=True)
    )
    (conv_up_cheap): Sequential(
      (0): PixelShuffle(upscale_factor=4)
      (1): ReLU(inplace=True)
    )
    (conv_out): Conv2d(4, 3, kernel_size=(3, 3), stride=(1, 1), padding=(1, 1))
    (upsample_func): BicubicUpsample()
  )
)
2021-12-04 17:17:47,823 [INFO]: Discriminator: STNet
SpatioTemporalDiscriminator(
  (conv_in): Sequential(
    (0): Conv2d(27, 64, kernel_size=(3, 3), stride=(1, 1), padding=(1, 1))
    (1): LeakyReLU(negative_slope=0.2, inplace=True)
  )
  (discriminator_block): DiscriminatorBlocks(
    (block1): Sequential(
      (0): Conv2d(64, 64, kernel_size=(4, 4), stride=(2, 2), padding=(1, 1), bias=False)
      (1): BatchNorm2d(64, eps=1e-05, momentum=0.1, affine=True, track_running_stats=True)
      (2): LeakyReLU(negative_slope=0.2, inplace=True)
    )
    (block2): Sequential(
      (0): Conv2d(64, 64, kernel_size=(4, 4), stride=(2, 2), padding=(1, 1), bias=False)
      (1): BatchNorm2d(64, eps=1e-05, momentum=0.1, affine=True, track_running_stats=True)
      (2): LeakyReLU(negative_slope=0.2, inplace=True)
    )
    (block3): Sequential(
      (0): Conv2d(64, 128, kernel_size=(4, 4), stride=(2, 2), padding=(1, 1), bias=False)
      (1): BatchNorm2d(128, eps=1e-05, momentum=0.1, affine=True, track_running_stats=True)
      (2): LeakyReLU(negative_slope=0.2, inplace=True)
    )
    (block4): Sequential(
      (0): Conv2d(128, 256, kernel_size=(4, 4), stride=(2, 2), padding=(1, 1), bias=False)
      (1): BatchNorm2d(256, eps=1e-05, momentum=0.1, affine=True, track_running_stats=True)
      (2): LeakyReLU(negative_slope=0.2, inplace=True)
    )
  )
  (dense): Linear(in_features=16384, out_features=1, bias=True)
)
2021-12-04 17:17:48,884 [INFO]: Number of training samples: 31800
2021-12-04 17:17:48,884 [INFO]: Total epochs needed: 13 for 100000 iterations
./experiments_BD/EGVSR/001
/home/sanchit/.local/lib/python3.8/site-packages/torch/optim/lr_scheduler.py:129: UserWarning: Detected call of `lr_scheduler.step()` before `optimizer.step()`. In PyTorch 1.1.0 and later, you should call them in the opposite order: `optimizer.step()` before `lr_scheduler.step()`.  Failure to do this will result in PyTorch skipping the first value of the learning rate schedule. See more details at https://pytorch.org/docs/stable/optim.html#how-to-adjust-learning-rate
  warnings.warn("Detected call of `lr_scheduler.step()` before `optimizer.step()`. "
2021-12-04 17:18:50,810 [INFO]: [epoch: 0 | iter: 100 | lr_G: 1.00e-04 | lr_D: 1.00e-04] l_gan_D: 6.034e-01, p_real_D: 2.839e-01, p_fake_D: -6.230e-01, distance: 4.694e-01, n_upd_D: 2.673e+00, l_pix_G: 2.626e-01, l_warp_G: 3.132e-02, l_feat_G: 6.873e-01, l_pp_G: 4.431e-03, l_gan_G: 1.457e-02, p_fake_G: -1.136e+00
2021-12-04 17:19:52,302 [INFO]: [epoch: 0 | iter: 200 | lr_G: 1.00e-04 | lr_D: 1.00e-04] l_gan_D: 2.395e-01, p_real_D: 6.760e-02, p_fake_D: -1.252e+00, distance: 8.398e-01, n_upd_D: 5.491e+00, l_pix_G: 1.901e-01, l_warp_G: 2.535e-02, l_feat_G: 6.752e-01, l_pp_G: 4.386e-03, l_gan_G: 1.695e-02, p_fake_G: -1.443e+00
2021-12-04 17:20:46,364 [INFO]: [epoch: 0 | iter: 300 | lr_G: 1.00e-04 | lr_D: 1.00e-04] l_gan_D: 1.127e-01, p_real_D: 4.885e-01, p_fake_D: -1.053e+00, distance: 8.655e-01, n_upd_D: 8.924e+00, l_pix_G: 1.555e-01, l_warp_G: 2.269e-02, l_feat_G: 6.572e-01, l_pp_G: 4.498e-03, l_gan_G: 1.466e-02, p_fake_G: -1.130e+00
2021-12-04 17:21:45,615 [INFO]: [epoch: 0 | iter: 400 | lr_G: 1.00e-04 | lr_D: 1.00e-04] l_gan_D: 6.263e-02, p_real_D: 5.324e-01, p_fake_D: -1.178e+00, distance: 9.876e-01, n_upd_D: 1.218e+01, l_pix_G: 1.370e-01, l_warp_G: 2.112e-02, l_feat_G: 6.281e-01, l_pp_G: 4.684e-03, l_gan_G: 1.535e-02, p_fake_G: -1.215e+00
2021-12-04 17:22:44,546 [INFO]: [epoch: 0 | iter: 500 | lr_G: 1.00e-04 | lr_D: 1.00e-04] l_gan_D: 2.871e-02, p_real_D: 5.427e-01, p_fake_D: -1.137e+00, distance: 9.484e-01, n_upd_D: 1.448e+01, l_pix_G: 1.254e-01, l_warp_G: 2.052e-02, l_feat_G: 6.053e-01, l_pp_G: 4.610e-03, l_gan_G: 1.471e-02, p_fake_G: -1.151e+00
2021-12-04 17:23:42,216 [INFO]: [epoch: 0 | iter: 600 | lr_G: 1.00e-04 | lr_D: 1.00e-04] l_gan_D: 2.575e-02, p_real_D: 6.548e-01, p_fake_D: -9.785e-01, distance: 8.671e-01, n_upd_D: 1.612e+01, l_pix_G: 1.179e-01, l_warp_G: 2.103e-02, l_feat_G: 5.875e-01, l_pp_G: 4.638e-03, l_gan_G: 1.343e-02, p_fake_G: -9.866e-01
2021-12-04 17:24:36,188 [INFO]: [epoch: 0 | iter: 700 | lr_G: 1.00e-04 | lr_D: 1.00e-04] l_gan_D: 2.534e-02, p_real_D: 6.814e-01, p_fake_D: -1.105e+00, distance: 9.680e-01, n_upd_D: 1.805e+01, l_pix_G: 1.090e-01, l_warp_G: 2.188e-02, l_feat_G: 5.625e-01, l_pp_G: 4.143e-03, l_gan_G: 1.432e-02, p_fake_G: -1.113e+00
2021-12-04 17:25:32,711 [INFO]: [epoch: 0 | iter: 800 | lr_G: 1.00e-04 | lr_D: 1.00e-04] l_gan_D: 9.274e-03, p_real_D: 6.900e-01, p_fake_D: -1.124e+00, distance: 9.814e-01, n_upd_D: 1.929e+01, l_pix_G: 1.082e-01, l_warp_G: 2.139e-02, l_feat_G: 5.456e-01, l_pp_G: 3.845e-03, l_gan_G: 1.440e-02, p_fake_G: -1.127e+00
2021-12-04 17:26:30,105 [INFO]: [epoch: 0 | iter: 900 | lr_G: 1.00e-04 | lr_D: 1.00e-04] l_gan_D: 3.395e-03, p_real_D: 6.735e-01, p_fake_D: -1.045e+00, distance: 9.126e-01, n_upd_D: 1.974e+01, l_pix_G: 1.057e-01, l_warp_G: 2.115e-02, l_feat_G: 5.305e-01, l_pp_G: 3.784e-03, l_gan_G: 1.380e-02, p_fake_G: -1.047e+00
2021-12-04 17:27:23,368 [INFO]: [epoch: 0 | iter: 1000 | lr_G: 1.00e-04 | lr_D: 1.00e-04] l_gan_D: 7.282e-03, p_real_D: 6.084e-01, p_fake_D: -1.160e+00, distance: 9.725e-01, n_upd_D: 2.034e+01, l_pix_G: 1.031e-01, l_warp_G: 2.053e-02, l_feat_G: 5.172e-01, l_pp_G: 3.637e-03, l_gan_G: 1.467e-02, p_fake_G: -1.163e+00
2021-12-04 17:27:23,369 [INFO]: Testing on test: Vid4
2021-12-04 17:28:39,483 [INFO]: [epoch: 0 | iter: 1100 | lr_G: 1.00e-04 | lr_D: 1.00e-04] l_gan_D: 1.169e-02, p_real_D: 5.571e-01, p_fake_D: -1.171e+00, distance: 9.519e-01, n_upd_D: 2.100e+01, l_pix_G: 9.758e-02, l_warp_G: 2.066e-02, l_feat_G: 4.962e-01, l_pp_G: 3.324e-03, l_gan_G: 1.469e-02, p_fake_G: -1.173e+00
2021-12-04 17:29:37,404 [INFO]: [epoch: 0 | iter: 1200 | lr_G: 1.00e-04 | lr_D: 1.00e-04] l_gan_D: 1.151e-02, p_real_D: 6.788e-01, p_fake_D: -1.071e+00, distance: 9.180e-01, n_upd_D: 2.205e+01, l_pix_G: 9.497e-02, l_warp_G: 2.088e-02, l_feat_G: 4.806e-01, l_pp_G: 3.092e-03, l_gan_G: 1.394e-02, p_fake_G: -1.070e+00
2021-12-04 17:30:32,412 [INFO]: [epoch: 0 | iter: 1300 | lr_G: 1.00e-04 | lr_D: 1.00e-04] l_gan_D: 9.354e-03, p_real_D: 9.985e-01, p_fake_D: -8.261e-01, distance: 8.404e-01, n_upd_D: 2.318e+01, l_pix_G: 9.204e-02, l_warp_G: 2.149e-02, l_feat_G: 4.762e-01, l_pp_G: 3.228e-03, l_gan_G: 1.220e-02, p_fake_G: -8.250e-01
2021-12-04 17:31:32,606 [INFO]: [epoch: 0 | iter: 1400 | lr_G: 1.00e-04 | lr_D: 1.00e-04] l_gan_D: 1.381e-02, p_real_D: 1.180e+00, p_fake_D: -7.065e-01, distance: 8.142e-01, n_upd_D: 2.376e+01, l_pix_G: 8.848e-02, l_warp_G: 2.165e-02, l_feat_G: 4.573e-01, l_pp_G: 3.063e-03, l_gan_G: 1.143e-02, p_fake_G: -7.100e-01
2021-12-04 17:32:32,246 [INFO]: [epoch: 0 | iter: 1500 | lr_G: 1.00e-04 | lr_D: 1.00e-04] l_gan_D: 5.054e-03, p_real_D: 1.258e+00, p_fake_D: -7.166e-01, distance: 8.357e-01, n_upd_D: 2.455e+01, l_pix_G: 8.847e-02, l_warp_G: 2.059e-02, l_feat_G: 4.511e-01, l_pp_G: 3.025e-03, l_gan_G: 1.152e-02, p_fake_G: -7.178e-01
2021-12-04 17:33:29,274 [INFO]: [epoch: 0 | iter: 1600 | lr_G: 1.00e-04 | lr_D: 1.00e-04] l_gan_D: 1.850e-03, p_real_D: 1.240e+00, p_fake_D: -6.507e-01, distance: 7.944e-01, n_upd_D: 2.483e+01, l_pix_G: 8.606e-02, l_warp_G: 2.003e-02, l_feat_G: 4.381e-01, l_pp_G: 2.977e-03, l_gan_G: 1.113e-02, p_fake_G: -6.512e-01
2021-12-04 17:34:20,975 [INFO]: [epoch: 0 | iter: 1700 | lr_G: 1.00e-04 | lr_D: 1.00e-04] l_gan_D: 8.710e-03, p_real_D: 1.294e+00, p_fake_D: -5.766e-01, distance: 7.618e-01, n_upd_D: 2.520e+01, l_pix_G: 8.596e-02, l_warp_G: 1.973e-02, l_feat_G: 4.331e-01, l_pp_G: 2.905e-03, l_gan_G: 1.073e-02, p_fake_G: -5.795e-01
2021-12-04 17:35:18,997 [INFO]: [epoch: 0 | iter: 1800 | lr_G: 1.00e-04 | lr_D: 1.00e-04] l_gan_D: 1.878e-02, p_real_D: 1.219e+00, p_fake_D: -7.673e-01, distance: 8.754e-01, n_upd_D: 2.624e+01, l_pix_G: 8.624e-02, l_warp_G: 2.151e-02, l_feat_G: 4.346e-01, l_pp_G: 3.093e-03, l_gan_G: 1.229e-02, p_fake_G: -7.753e-01
2021-12-04 17:36:22,786 [INFO]: [epoch: 0 | iter: 1900 | lr_G: 1.00e-04 | lr_D: 1.00e-04] l_gan_D: 6.874e-03, p_real_D: 1.041e+00, p_fake_D: -1.104e+00, distance: 1.053e+00, n_upd_D: 2.736e+01, l_pix_G: 8.684e-02, l_warp_G: 2.179e-02, l_feat_G: 4.319e-01, l_pp_G: 3.112e-03, l_gan_G: 1.493e-02, p_fake_G: -1.107e+00
2021-12-04 17:37:18,060 [INFO]: [epoch: 0 | iter: 2000 | lr_G: 1.00e-04 | lr_D: 1.00e-04] l_gan_D: 1.949e-02, p_real_D: 1.032e+00, p_fake_D: -1.032e+00, distance: 9.845e-01, n_upd_D: 2.803e+01, l_pix_G: 8.186e-02, l_warp_G: 2.164e-02, l_feat_G: 4.232e-01, l_pp_G: 2.954e-03, l_gan_G: 1.431e-02, p_fake_G: -1.027e+00
2021-12-04 17:37:18,062 [INFO]: Testing on test: Vid4
torch.Size([41, 144, 180, 3])
torch.Size([34, 144, 176, 3])
torch.Size([49, 120, 180, 3])
torch.Size([47, 120, 180, 3])
2021-12-04 17:38:36,469 [INFO]: [epoch: 0 | iter: 2100 | lr_G: 1.00e-04 | lr_D: 1.00e-04] l_gan_D: 3.594e-02, p_real_D: 1.168e+00, p_fake_D: -8.693e-01, distance: 9.295e-01, n_upd_D: 3.032e+01, l_pix_G: 7.904e-02, l_warp_G: 2.125e-02, l_feat_G: 4.064e-01, l_pp_G: 2.886e-03, l_gan_G: 1.315e-02, p_fake_G: -8.791e-01
2021-12-04 17:39:37,467 [INFO]: [epoch: 0 | iter: 2200 | lr_G: 1.00e-04 | lr_D: 1.00e-04] l_gan_D: 1.315e-02, p_real_D: 9.474e-01, p_fake_D: -1.131e+00, distance: 1.042e+00, n_upd_D: 3.202e+01, l_pix_G: 7.501e-02, l_warp_G: 2.091e-02, l_feat_G: 3.948e-01, l_pp_G: 2.813e-03, l_gan_G: 1.476e-02, p_fake_G: -1.135e+00
2021-12-04 17:40:30,410 [INFO]: [epoch: 0 | iter: 2300 | lr_G: 1.00e-04 | lr_D: 1.00e-04] l_gan_D: 4.815e-03, p_real_D: 9.013e-01, p_fake_D: -1.163e+00, distance: 1.038e+00, n_upd_D: 3.264e+01, l_pix_G: 7.352e-02, l_warp_G: 2.062e-02, l_feat_G: 3.912e-01, l_pp_G: 2.811e-03, l_gan_G: 1.488e-02, p_fake_G: -1.164e+00
2021-12-04 17:41:29,886 [INFO]: [epoch: 0 | iter: 2400 | lr_G: 1.00e-04 | lr_D: 1.00e-04] l_gan_D: 1.122e-02, p_real_D: 8.553e-01, p_fake_D: -1.223e+00, distance: 1.072e+00, n_upd_D: 3.321e+01, l_pix_G: 7.240e-02, l_warp_G: 2.054e-02, l_feat_G: 3.854e-01, l_pp_G: 2.833e-03, l_gan_G: 1.532e-02, p_fake_G: -1.224e+00
2021-12-04 17:42:26,992 [INFO]: [epoch: 0 | iter: 2500 | lr_G: 1.00e-04 | lr_D: 1.00e-04] l_gan_D: 8.891e-03, p_real_D: 7.531e-01, p_fake_D: -1.245e+00, distance: 1.059e+00, n_upd_D: 3.433e+01, l_pix_G: 7.290e-02, l_warp_G: 2.170e-02, l_feat_G: 3.858e-01, l_pp_G: 2.881e-03, l_gan_G: 1.543e-02, p_fake_G: -1.245e+00
2021-12-04 17:43:25,045 [INFO]: [epoch: 0 | iter: 2600 | lr_G: 1.00e-04 | lr_D: 1.00e-04] l_gan_D: 1.803e-02, p_real_D: 8.102e-01, p_fake_D: -1.148e+00, distance: 1.003e+00, n_upd_D: 3.488e+01, l_pix_G: 7.427e-02, l_warp_G: 2.153e-02, l_feat_G: 3.814e-01, l_pp_G: 2.814e-03, l_gan_G: 1.469e-02, p_fake_G: -1.145e+00
2021-12-04 17:44:24,047 [INFO]: [epoch: 0 | iter: 2700 | lr_G: 1.00e-04 | lr_D: 1.00e-04] l_gan_D: 2.443e-02, p_real_D: 8.961e-01, p_fake_D: -1.009e+00, distance: 9.544e-01, n_upd_D: 3.708e+01, l_pix_G: 7.316e-02, l_warp_G: 2.175e-02, l_feat_G: 3.715e-01, l_pp_G: 2.799e-03, l_gan_G: 1.396e-02, p_fake_G: -1.010e+00
2021-12-04 17:45:29,846 [INFO]: [epoch: 0 | iter: 2800 | lr_G: 1.00e-04 | lr_D: 1.00e-04] l_gan_D: 3.915e-02, p_real_D: 1.097e+00, p_fake_D: -9.251e-01, distance: 9.381e-01, n_upd_D: 3.963e+01, l_pix_G: 7.233e-02, l_warp_G: 2.230e-02, l_feat_G: 3.670e-01, l_pp_G: 2.828e-03, l_gan_G: 1.334e-02, p_fake_G: -9.296e-01
2021-12-04 17:46:27,702 [INFO]: [epoch: 0 | iter: 2900 | lr_G: 1.00e-04 | lr_D: 1.00e-04] l_gan_D: 1.433e-02, p_real_D: 1.080e+00, p_fake_D: -1.089e+00, distance: 1.049e+00, n_upd_D: 4.177e+01, l_pix_G: 7.152e-02, l_warp_G: 2.038e-02, l_feat_G: 3.691e-01, l_pp_G: 2.702e-03, l_gan_G: 1.450e-02, p_fake_G: -1.090e+00
2021-12-04 17:47:25,788 [INFO]: [epoch: 0 | iter: 3000 | lr_G: 1.00e-04 | lr_D: 1.00e-04] l_gan_D: 5.245e-03, p_real_D: 1.119e+00, p_fake_D: -1.162e+00, distance: 1.112e+00, n_upd_D: 4.255e+01, l_pix_G: 7.201e-02, l_warp_G: 1.997e-02, l_feat_G: 3.687e-01, l_pp_G: 2.700e-03, l_gan_G: 1.504e-02, p_fake_G: -1.162e+00
2021-12-04 17:47:25,788 [INFO]: Testing on test: Vid4
torch.Size([41, 144, 180, 3])
torch.Size([34, 144, 176, 3])
torch.Size([49, 120, 180, 3])
torch.Size([47, 120, 180, 3])
2021-12-04 17:48:45,478 [INFO]: [epoch: 0 | iter: 3100 | lr_G: 1.00e-04 | lr_D: 1.00e-04] l_gan_D: 1.310e-02, p_real_D: 1.112e+00, p_fake_D: -1.116e+00, distance: 1.076e+00, n_upd_D: 4.297e+01, l_pix_G: 6.870e-02, l_warp_G: 2.121e-02, l_feat_G: 3.575e-01, l_pp_G: 2.697e-03, l_gan_G: 1.470e-02, p_fake_G: -1.115e+00
2021-12-04 17:49:42,069 [INFO]: [epoch: 0 | iter: 3200 | lr_G: 1.00e-04 | lr_D: 1.00e-04] l_gan_D: 8.933e-03, p_real_D: 1.087e+00, p_fake_D: -1.140e+00, distance: 1.094e+00, n_upd_D: 4.425e+01, l_pix_G: 6.597e-02, l_warp_G: 2.159e-02, l_feat_G: 3.590e-01, l_pp_G: 2.613e-03, l_gan_G: 1.485e-02, p_fake_G: -1.141e+00
2021-12-04 17:50:39,846 [INFO]: [epoch: 0 | iter: 3300 | lr_G: 1.00e-04 | lr_D: 1.00e-04] l_gan_D: 9.099e-03, p_real_D: 1.212e+00, p_fake_D: -1.206e+00, distance: 1.161e+00, n_upd_D: 4.524e+01, l_pix_G: 6.696e-02, l_warp_G: 2.003e-02, l_feat_G: 3.588e-01, l_pp_G: 2.529e-03, l_gan_G: 1.528e-02, p_fake_G: -1.207e+00
2021-12-04 17:51:35,560 [INFO]: [epoch: 0 | iter: 3400 | lr_G: 1.00e-04 | lr_D: 1.00e-04] l_gan_D: 3.330e-03, p_real_D: 1.192e+00, p_fake_D: -1.168e+00, distance: 1.132e+00, n_upd_D: 4.572e+01, l_pix_G: 6.769e-02, l_warp_G: 2.258e-02, l_feat_G: 3.552e-01, l_pp_G: 2.703e-03, l_gan_G: 1.495e-02, p_fake_G: -1.169e+00
2021-12-04 17:52:34,240 [INFO]: [epoch: 0 | iter: 3500 | lr_G: 1.00e-04 | lr_D: 1.00e-04] l_gan_D: 1.219e-03, p_real_D: 1.240e+00, p_fake_D: -1.166e+00, distance: 1.133e+00, n_upd_D: 4.590e+01, l_pix_G: 6.677e-02, l_warp_G: 2.059e-02, l_feat_G: 3.531e-01, l_pp_G: 2.579e-03, l_gan_G: 1.497e-02, p_fake_G: -1.166e+00
2021-12-04 17:53:36,068 [INFO]: [epoch: 0 | iter: 3600 | lr_G: 1.00e-04 | lr_D: 1.00e-04] l_gan_D: 2.535e-02, p_real_D: 1.206e+00, p_fake_D: -1.213e+00, distance: 1.157e+00, n_upd_D: 4.693e+01, l_pix_G: 6.622e-02, l_warp_G: 2.134e-02, l_feat_G: 3.517e-01, l_pp_G: 2.607e-03, l_gan_G: 1.526e-02, p_fake_G: -1.213e+00
2021-12-04 17:54:34,858 [INFO]: [epoch: 0 | iter: 3700 | lr_G: 1.00e-04 | lr_D: 1.00e-04] l_gan_D: 9.280e-03, p_real_D: 1.367e+00, p_fake_D: -1.169e+00, distance: 1.157e+00, n_upd_D: 4.824e+01, l_pix_G: 6.660e-02, l_warp_G: 2.131e-02, l_feat_G: 3.534e-01, l_pp_G: 2.601e-03, l_gan_G: 1.479e-02, p_fake_G: -1.170e+00
2021-12-04 17:55:35,821 [INFO]: [epoch: 0 | iter: 3800 | lr_G: 1.00e-04 | lr_D: 1.00e-04] l_gan_D: 3.397e-03, p_real_D: 1.512e+00, p_fake_D: -1.071e+00, distance: 1.113e+00, n_upd_D: 4.872e+01, l_pix_G: 6.554e-02, l_warp_G: 2.160e-02, l_feat_G: 3.495e-01, l_pp_G: 2.523e-03, l_gan_G: 1.405e-02, p_fake_G: -1.071e+00
2021-12-04 17:56:39,399 [INFO]: [epoch: 0 | iter: 3900 | lr_G: 1.00e-04 | lr_D: 1.00e-04] l_gan_D: 1.727e-02, p_real_D: 1.714e+00, p_fake_D: -9.384e-01, distance: 1.047e+00, n_upd_D: 4.942e+01, l_pix_G: 6.426e-02, l_warp_G: 2.171e-02, l_feat_G: 3.455e-01, l_pp_G: 2.413e-03, l_gan_G: 1.311e-02, p_fake_G: -9.444e-01
2021-12-04 17:57:38,377 [INFO]: [epoch: 0 | iter: 4000 | lr_G: 1.00e-04 | lr_D: 1.00e-04] l_gan_D: 1.095e-02, p_real_D: 1.637e+00, p_fake_D: -1.168e+00, distance: 1.203e+00, n_upd_D: 5.105e+01, l_pix_G: 6.486e-02, l_warp_G: 2.156e-02, l_feat_G: 3.497e-01, l_pp_G: 2.516e-03, l_gan_G: 1.487e-02, p_fake_G: -1.173e+00
2021-12-04 17:57:38,377 [INFO]: Testing on test: Vid4
torch.Size([41, 144, 180, 3])
torch.Size([34, 144, 176, 3])
torch.Size([49, 120, 180, 3])
torch.Size([47, 120, 180, 3])
2021-12-04 17:59:00,841 [INFO]: [epoch: 0 | iter: 4100 | lr_G: 1.00e-04 | lr_D: 1.00e-04] l_gan_D: 1.654e-02, p_real_D: 1.508e+00, p_fake_D: -1.283e+00, distance: 1.270e+00, n_upd_D: 5.170e+01, l_pix_G: 6.298e-02, l_warp_G: 2.111e-02, l_feat_G: 3.472e-01, l_pp_G: 2.524e-03, l_gan_G: 1.569e-02, p_fake_G: -1.284e+00
2021-12-04 17:59:59,696 [INFO]: [epoch: 0 | iter: 4200 | lr_G: 1.00e-04 | lr_D: 1.00e-04] l_gan_D: 6.054e-03, p_real_D: 1.550e+00, p_fake_D: -1.266e+00, distance: 1.263e+00, n_upd_D: 5.252e+01, l_pix_G: 6.198e-02, l_warp_G: 2.006e-02, l_feat_G: 3.408e-01, l_pp_G: 2.361e-03, l_gan_G: 1.561e-02, p_fake_G: -1.266e+00
2021-12-04 18:01:00,814 [INFO]: [epoch: 0 | iter: 4300 | lr_G: 1.00e-04 | lr_D: 1.00e-04] l_gan_D: 2.216e-03, p_real_D: 1.495e+00, p_fake_D: -1.219e+00, distance: 1.210e+00, n_upd_D: 5.283e+01, l_pix_G: 6.186e-02, l_warp_G: 2.013e-02, l_feat_G: 3.430e-01, l_pp_G: 2.340e-03, l_gan_G: 1.523e-02, p_fake_G: -1.219e+00
2021-12-04 18:02:02,939 [INFO]: [epoch: 0 | iter: 4400 | lr_G: 1.00e-04 | lr_D: 1.00e-04] l_gan_D: 1.901e-02, p_real_D: 1.318e+00, p_fake_D: -1.354e+00, distance: 1.272e+00, n_upd_D: 5.376e+01, l_pix_G: 5.899e-02, l_warp_G: 2.100e-02, l_feat_G: 3.377e-01, l_pp_G: 2.381e-03, l_gan_G: 1.629e-02, p_fake_G: -1.355e+00
2021-12-04 18:02:58,818 [INFO]: [epoch: 0 | iter: 4500 | lr_G: 1.00e-04 | lr_D: 1.00e-04] l_gan_D: 6.959e-03, p_real_D: 1.409e+00, p_fake_D: -1.302e+00, distance: 1.247e+00, n_upd_D: 5.455e+01, l_pix_G: 5.919e-02, l_warp_G: 2.172e-02, l_feat_G: 3.388e-01, l_pp_G: 2.387e-03, l_gan_G: 1.579e-02, p_fake_G: -1.302e+00
2021-12-04 18:04:03,490 [INFO]: [epoch: 0 | iter: 4600 | lr_G: 1.00e-04 | lr_D: 1.00e-04] l_gan_D: 2.547e-03, p_real_D: 1.408e+00, p_fake_D: -1.270e+00, distance: 1.223e+00, n_upd_D: 5.483e+01, l_pix_G: 5.976e-02, l_warp_G: 2.109e-02, l_feat_G: 3.342e-01, l_pp_G: 2.382e-03, l_gan_G: 1.554e-02, p_fake_G: -1.271e+00
2021-12-04 18:05:04,900 [INFO]: [epoch: 0 | iter: 4700 | lr_G: 1.00e-04 | lr_D: 1.00e-04] l_gan_D: 8.747e-03, p_real_D: 1.488e+00, p_fake_D: -1.137e+00, distance: 1.132e+00, n_upd_D: 5.533e+01, l_pix_G: 6.109e-02, l_warp_G: 2.086e-02, l_feat_G: 3.402e-01, l_pp_G: 2.374e-03, l_gan_G: 1.452e-02, p_fake_G: -1.138e+00
2021-12-04 18:06:08,587 [INFO]: [epoch: 0 | iter: 4800 | lr_G: 1.00e-04 | lr_D: 1.00e-04] l_gan_D: 1.519e-02, p_real_D: 1.496e+00, p_fake_D: -1.076e+00, distance: 1.081e+00, n_upd_D: 5.671e+01, l_pix_G: 5.875e-02, l_warp_G: 2.101e-02, l_feat_G: 3.323e-01, l_pp_G: 2.329e-03, l_gan_G: 1.410e-02, p_fake_G: -1.079e+00
2021-12-04 18:07:08,077 [INFO]: [epoch: 0 | iter: 4900 | lr_G: 1.00e-04 | lr_D: 1.00e-04] l_gan_D: 2.468e-02, p_real_D: 1.469e+00, p_fake_D: -1.028e+00, distance: 1.035e+00, n_upd_D: 5.796e+01, l_pix_G: 5.837e-02, l_warp_G: 1.985e-02, l_feat_G: 3.349e-01, l_pp_G: 2.260e-03, l_gan_G: 1.374e-02, p_fake_G: -1.027e+00
2021-12-04 18:08:14,396 [INFO]: [epoch: 0 | iter: 5000 | lr_G: 1.00e-04 | lr_D: 1.00e-04] l_gan_D: 1.320e-02, p_real_D: 1.502e+00, p_fake_D: -1.089e+00, distance: 1.109e+00, n_upd_D: 5.988e+01, l_pix_G: 5.804e-02, l_warp_G: 2.178e-02, l_feat_G: 3.288e-01, l_pp_G: 2.316e-03, l_gan_G: 1.416e-02, p_fake_G: -1.092e+00
2021-12-04 18:08:14,397 [INFO]: Testing on test: Vid4
torch.Size([41, 144, 180, 3])
torch.Size([34, 144, 176, 3])
torch.Size([49, 120, 180, 3])
torch.Size([47, 120, 180, 3])
2021-12-04 18:09:34,056 [INFO]: [epoch: 0 | iter: 5100 | lr_G: 1.00e-04 | lr_D: 1.00e-04] l_gan_D: 4.831e-03, p_real_D: 1.485e+00, p_fake_D: -1.021e+00, distance: 1.062e+00, n_upd_D: 6.059e+01, l_pix_G: 5.783e-02, l_warp_G: 2.328e-02, l_feat_G: 3.327e-01, l_pp_G: 2.358e-03, l_gan_G: 1.367e-02, p_fake_G: -1.022e+00
2021-12-04 18:10:36,478 [INFO]: [epoch: 0 | iter: 5200 | lr_G: 1.00e-04 | lr_D: 1.00e-04] l_gan_D: 7.497e-03, p_real_D: 1.313e+00, p_fake_D: -1.151e+00, distance: 1.133e+00, n_upd_D: 6.133e+01, l_pix_G: 5.592e-02, l_warp_G: 2.235e-02, l_feat_G: 3.328e-01, l_pp_G: 2.286e-03, l_gan_G: 1.472e-02, p_fake_G: -1.153e+00
2021-12-04 18:11:37,430 [INFO]: [epoch: 0 | iter: 5300 | lr_G: 1.00e-04 | lr_D: 1.00e-04] l_gan_D: 2.744e-03, p_real_D: 1.345e+00, p_fake_D: -1.213e+00, distance: 1.196e+00, n_upd_D: 6.175e+01, l_pix_G: 5.658e-02, l_warp_G: 2.098e-02, l_feat_G: 3.333e-01, l_pp_G: 2.396e-03, l_gan_G: 1.525e-02, p_fake_G: -1.213e+00
2021-12-04 18:12:37,236 [INFO]: [epoch: 0 | iter: 5400 | lr_G: 1.00e-04 | lr_D: 1.00e-04] l_gan_D: 6.712e-03, p_real_D: 1.182e+00, p_fake_D: -1.280e+00, distance: 1.208e+00, n_upd_D: 6.242e+01, l_pix_G: 5.489e-02, l_warp_G: 2.131e-02, l_feat_G: 3.290e-01, l_pp_G: 2.390e-03, l_gan_G: 1.586e-02, p_fake_G: -1.280e+00
2021-12-04 18:13:31,659 [INFO]: [epoch: 0 | iter: 5500 | lr_G: 1.00e-04 | lr_D: 1.00e-04] l_gan_D: 2.457e-03, p_real_D: 1.228e+00, p_fake_D: -1.293e+00, distance: 1.234e+00, n_upd_D: 6.279e+01, l_pix_G: 5.520e-02, l_warp_G: 2.160e-02, l_feat_G: 3.324e-01, l_pp_G: 2.280e-03, l_gan_G: 1.601e-02, p_fake_G: -1.294e+00
2021-12-04 18:14:39,230 [INFO]: [epoch: 0 | iter: 5600 | lr_G: 1.00e-04 | lr_D: 1.00e-04] l_gan_D: 2.328e-02, p_real_D: 1.241e+00, p_fake_D: -1.236e+00, distance: 1.203e+00, n_upd_D: 6.400e+01, l_pix_G: 5.296e-02, l_warp_G: 2.177e-02, l_feat_G: 3.198e-01, l_pp_G: 2.272e-03, l_gan_G: 1.571e-02, p_fake_G: -1.235e+00
2021-12-04 18:15:37,718 [INFO]: [epoch: 0 | iter: 5700 | lr_G: 1.00e-04 | lr_D: 1.00e-04] l_gan_D: 4.077e-02, p_real_D: 1.554e+00, p_fake_D: -9.459e-01, distance: 1.063e+00, n_upd_D: 6.575e+01, l_pix_G: 5.262e-02, l_warp_G: 2.062e-02, l_feat_G: 3.205e-01, l_pp_G: 2.134e-03, l_gan_G: 1.370e-02, p_fake_G: -9.458e-01
2021-12-04 18:16:31,817 [INFO]: [epoch: 0 | iter: 5800 | lr_G: 1.00e-04 | lr_D: 1.00e-04] l_gan_D: 2.620e-02, p_real_D: 1.765e+00, p_fake_D: -8.771e-01, distance: 1.044e+00, n_upd_D: 6.799e+01, l_pix_G: 5.433e-02, l_warp_G: 2.193e-02, l_feat_G: 3.213e-01, l_pp_G: 2.177e-03, l_gan_G: 1.308e-02, p_fake_G: -8.902e-01
2021-12-04 18:17:35,443 [INFO]: [epoch: 0 | iter: 5900 | lr_G: 1.00e-04 | lr_D: 1.00e-04] l_gan_D: 1.664e-02, p_real_D: 1.549e+00, p_fake_D: -1.197e+00, distance: 1.216e+00, n_upd_D: 6.986e+01, l_pix_G: 5.502e-02, l_warp_G: 2.200e-02, l_feat_G: 3.236e-01, l_pp_G: 2.190e-03, l_gan_G: 1.527e-02, p_fake_G: -1.201e+00
2021-12-04 18:18:32,947 [INFO]: [epoch: 0 | iter: 6000 | lr_G: 1.00e-04 | lr_D: 1.00e-04] l_gan_D: 6.092e-03, p_real_D: 1.517e+00, p_fake_D: -1.191e+00, distance: 1.207e+00, n_upd_D: 7.058e+01, l_pix_G: 5.387e-02, l_warp_G: 2.127e-02, l_feat_G: 3.234e-01, l_pp_G: 2.156e-03, l_gan_G: 1.513e-02, p_fake_G: -1.192e+00
2021-12-04 18:18:32,947 [INFO]: Testing on test: Vid4
torch.Size([41, 144, 180, 3])
torch.Size([34, 144, 176, 3])
torch.Size([49, 120, 180, 3])
torch.Size([47, 120, 180, 3])
2021-12-04 18:19:55,990 [INFO]: [epoch: 0 | iter: 6100 | lr_G: 1.00e-04 | lr_D: 1.00e-04] l_gan_D: 6.435e-02, p_real_D: 1.512e+00, p_fake_D: -8.622e-01, distance: 9.709e-01, n_upd_D: 7.190e+01, l_pix_G: 5.119e-02, l_warp_G: 2.000e-02, l_feat_G: 3.275e-01, l_pp_G: 2.262e-03, l_gan_G: 1.283e-02, p_fake_G: -8.651e-01
2021-12-04 18:20:55,903 [INFO]: [epoch: 0 | iter: 6200 | lr_G: 1.00e-04 | lr_D: 1.00e-04] l_gan_D: 5.172e-02, p_real_D: 1.280e+00, p_fake_D: -1.088e+00, distance: 1.061e+00, n_upd_D: 7.590e+01, l_pix_G: 5.088e-02, l_warp_G: 1.961e-02, l_feat_G: 3.227e-01, l_pp_G: 2.193e-03, l_gan_G: 1.439e-02, p_fake_G: -1.094e+00
2021-12-04 18:22:01,761 [INFO]: [epoch: 0 | iter: 6300 | lr_G: 1.00e-04 | lr_D: 1.00e-04] l_gan_D: 1.893e-02, p_real_D: 9.723e-01, p_fake_D: -1.321e+00, distance: 1.153e+00, n_upd_D: 7.850e+01, l_pix_G: 5.218e-02, l_warp_G: 2.264e-02, l_feat_G: 3.292e-01, l_pp_G: 2.294e-03, l_gan_G: 1.618e-02, p_fake_G: -1.323e+00
2021-12-04 18:23:02,513 [INFO]: [epoch: 0 | iter: 6400 | lr_G: 1.00e-04 | lr_D: 1.00e-04] l_gan_D: 1.455e-02, p_real_D: 1.136e+00, p_fake_D: -1.072e+00, distance: 1.016e+00, n_upd_D: 7.997e+01, l_pix_G: 5.035e-02, l_warp_G: 2.051e-02, l_feat_G: 3.204e-01, l_pp_G: 2.082e-03, l_gan_G: 1.424e-02, p_fake_G: -1.069e+00
2021-12-04 18:24:07,514 [INFO]: [epoch: 0 | iter: 6500 | lr_G: 1.00e-04 | lr_D: 1.00e-04] l_gan_D: 4.246e-02, p_real_D: 7.005e-01, p_fake_D: -1.308e+00, distance: 1.049e+00, n_upd_D: 8.372e+01, l_pix_G: 5.014e-02, l_warp_G: 2.154e-02, l_feat_G: 3.193e-01, l_pp_G: 2.172e-03, l_gan_G: 1.630e-02, p_fake_G: -1.315e+00
2021-12-04 18:25:09,852 [INFO]: [epoch: 0 | iter: 6600 | lr_G: 1.00e-04 | lr_D: 1.00e-04] l_gan_D: 1.554e-02, p_real_D: 2.979e-01, p_fake_D: -1.657e+00, distance: 1.178e+00, n_upd_D: 8.580e+01, l_pix_G: 5.034e-02, l_warp_G: 2.188e-02, l_feat_G: 3.200e-01, l_pp_G: 2.265e-03, l_gan_G: 1.893e-02, p_fake_G: -1.659e+00
2021-12-04 18:26:07,634 [INFO]: [epoch: 0 | iter: 6700 | lr_G: 1.00e-04 | lr_D: 1.00e-04] l_gan_D: 5.688e-03, p_real_D: 2.588e-01, p_fake_D: -1.780e+00, distance: 1.259e+00, n_upd_D: 8.656e+01, l_pix_G: 5.115e-02, l_warp_G: 2.112e-02, l_feat_G: 3.268e-01, l_pp_G: 2.260e-03, l_gan_G: 1.984e-02, p_fake_G: -1.781e+00
2021-12-04 18:27:08,842 [INFO]: [epoch: 0 | iter: 6800 | lr_G: 1.00e-04 | lr_D: 1.00e-04] l_gan_D: 2.225e-02, p_real_D: -1.393e-01, p_fake_D: -2.077e+00, distance: 1.298e+00, n_upd_D: 8.746e+01, l_pix_G: 5.108e-02, l_warp_G: 2.054e-02, l_feat_G: 3.210e-01, l_pp_G: 2.222e-03, l_gan_G: 2.248e-02, p_fake_G: -2.080e+00
2021-12-04 18:28:08,361 [INFO]: [epoch: 0 | iter: 6900 | lr_G: 1.00e-04 | lr_D: 1.00e-04] l_gan_D: 6.653e-02, p_real_D: 4.954e-01, p_fake_D: -1.335e+00, distance: 1.016e+00, n_upd_D: 9.111e+01, l_pix_G: 5.096e-02, l_warp_G: 2.015e-02, l_feat_G: 3.195e-01, l_pp_G: 2.300e-03, l_gan_G: 1.671e-02, p_fake_G: -1.332e+00
2021-12-04 18:29:10,020 [INFO]: [epoch: 0 | iter: 7000 | lr_G: 1.00e-04 | lr_D: 1.00e-04] l_gan_D: 3.988e-02, p_real_D: 5.408e-01, p_fake_D: -1.404e+00, distance: 1.111e+00, n_upd_D: 9.586e+01, l_pix_G: 5.131e-02, l_warp_G: 2.123e-02, l_feat_G: 3.194e-01, l_pp_G: 2.197e-03, l_gan_G: 1.696e-02, p_fake_G: -1.407e+00
2021-12-04 18:29:10,021 [INFO]: Testing on test: Vid4
torch.Size([41, 144, 180, 3])
torch.Size([34, 144, 176, 3])
torch.Size([49, 120, 180, 3])
torch.Size([47, 120, 180, 3])
2021-12-04 18:30:34,857 [INFO]: [epoch: 0 | iter: 7100 | lr_G: 1.00e-04 | lr_D: 1.00e-04] l_gan_D: 1.460e-02, p_real_D: 5.457e-01, p_fake_D: -1.518e+00, distance: 1.211e+00, n_upd_D: 9.785e+01, l_pix_G: 5.234e-02, l_warp_G: 2.131e-02, l_feat_G: 3.197e-01, l_pp_G: 2.130e-03, l_gan_G: 1.774e-02, p_fake_G: -1.519e+00
2021-12-04 18:31:31,713 [INFO]: [epoch: 0 | iter: 7200 | lr_G: 1.00e-04 | lr_D: 1.00e-04] l_gan_D: 2.264e-02, p_real_D: 6.287e-01, p_fake_D: -1.408e+00, distance: 1.152e+00, n_upd_D: 9.943e+01, l_pix_G: 5.085e-02, l_warp_G: 2.154e-02, l_feat_G: 3.203e-01, l_pp_G: 2.301e-03, l_gan_G: 1.676e-02, p_fake_G: -1.404e+00
2021-12-04 18:32:28,902 [INFO]: [epoch: 0 | iter: 7300 | lr_G: 1.00e-04 | lr_D: 1.00e-04] l_gan_D: 3.765e-02, p_real_D: 1.079e+00, p_fake_D: -8.865e-01, distance: 9.151e-01, n_upd_D: 1.028e+02, l_pix_G: 4.878e-02, l_warp_G: 2.114e-02, l_feat_G: 3.155e-01, l_pp_G: 2.261e-03, l_gan_G: 1.297e-02, p_fake_G: -8.864e-01
2021-12-04 18:33:30,516 [INFO]: [epoch: 0 | iter: 7400 | lr_G: 1.00e-04 | lr_D: 1.00e-04] l_gan_D: 1.837e-02, p_real_D: 1.107e+00, p_fake_D: -9.593e-01, distance: 9.732e-01, n_upd_D: 1.054e+02, l_pix_G: 4.704e-02, l_warp_G: 2.036e-02, l_feat_G: 3.038e-01, l_pp_G: 2.051e-03, l_gan_G: 1.346e-02, p_fake_G: -9.629e-01
2021-12-04 18:34:33,745 [INFO]: [epoch: 0 | iter: 7500 | lr_G: 1.00e-04 | lr_D: 1.00e-04] l_gan_D: 6.725e-03, p_real_D: 1.032e+00, p_fake_D: -1.043e+00, distance: 1.015e+00, n_upd_D: 1.064e+02, l_pix_G: 4.733e-02, l_warp_G: 2.157e-02, l_feat_G: 3.112e-01, l_pp_G: 2.197e-03, l_gan_G: 1.401e-02, p_fake_G: -1.044e+00
2021-12-04 18:35:35,620 [INFO]: [epoch: 0 | iter: 7600 | lr_G: 1.00e-04 | lr_D: 1.00e-04] l_gan_D: 9.204e-03, p_real_D: 8.976e-01, p_fake_D: -1.191e+00, distance: 1.086e+00, n_upd_D: 1.072e+02, l_pix_G: 4.719e-02, l_warp_G: 2.112e-02, l_feat_G: 3.124e-01, l_pp_G: 2.151e-03, l_gan_G: 1.515e-02, p_fake_G: -1.194e+00
2021-12-04 18:36:36,484 [INFO]: [epoch: 0 | iter: 7700 | lr_G: 1.00e-04 | lr_D: 1.00e-04] l_gan_D: 3.442e-02, p_real_D: 7.335e-01, p_fake_D: -1.280e+00, distance: 1.095e+00, n_upd_D: 1.085e+02, l_pix_G: 4.810e-02, l_warp_G: 2.151e-02, l_feat_G: 3.155e-01, l_pp_G: 2.182e-03, l_gan_G: 1.582e-02, p_fake_G: -1.276e+00
2021-12-04 18:37:32,659 [INFO]: [epoch: 0 | iter: 7800 | lr_G: 1.00e-04 | lr_D: 1.00e-04] l_gan_D: 3.351e-02, p_real_D: 9.722e-01, p_fake_D: -1.054e+00, distance: 9.974e-01, n_upd_D: 1.122e+02, l_pix_G: 4.553e-02, l_warp_G: 2.109e-02, l_feat_G: 3.110e-01, l_pp_G: 2.037e-03, l_gan_G: 1.406e-02, p_fake_G: -1.056e+00
2021-12-04 18:38:34,013 [INFO]: [epoch: 0 | iter: 7900 | lr_G: 1.00e-04 | lr_D: 1.00e-04] l_gan_D: 1.226e-02, p_real_D: 1.106e+00, p_fake_D: -9.572e-01, distance: 9.667e-01, n_upd_D: 1.140e+02, l_pix_G: 4.563e-02, l_warp_G: 2.113e-02, l_feat_G: 3.081e-01, l_pp_G: 1.998e-03, l_gan_G: 1.328e-02, p_fake_G: -9.577e-01
torch.Size([41, 144, 180, 3])
torch.Size([34, 144, 176, 3])
torch.Size([49, 120, 180, 3])
torch.Size([47, 120, 180, 3])
2021-12-04 18:39:38,641 [INFO]: [epoch: 1 | iter: 8000 | lr_G: 1.00e-04 | lr_D: 1.00e-04] l_gan_D: 1.353e-02, p_real_D: 1.072e+00, p_fake_D: -9.282e-01, distance: 9.389e-01, n_upd_D: 1.149e+02, l_pix_G: 4.479e-02, l_warp_G: 2.198e-02, l_feat_G: 3.075e-01, l_pp_G: 2.084e-03, l_gan_G: 1.308e-02, p_fake_G: -9.291e-01
2021-12-04 18:39:38,641 [INFO]: Testing on test: Vid4
2021-12-04 18:40:56,246 [INFO]: [epoch: 1 | iter: 8100 | lr_G: 1.00e-04 | lr_D: 1.00e-04] l_gan_D: 1.678e-02, p_real_D: 1.076e+00, p_fake_D: -9.715e-01, distance: 9.736e-01, n_upd_D: 1.166e+02, l_pix_G: 4.611e-02, l_warp_G: 2.153e-02, l_feat_G: 3.089e-01, l_pp_G: 2.008e-03, l_gan_G: 1.340e-02, p_fake_G: -9.716e-01
2021-12-04 18:41:50,369 [INFO]: [epoch: 1 | iter: 8200 | lr_G: 1.00e-04 | lr_D: 1.00e-04] l_gan_D: 1.105e-02, p_real_D: 8.738e-01, p_fake_D: -1.054e+00, distance: 9.665e-01, n_upd_D: 1.180e+02, l_pix_G: 4.664e-02, l_warp_G: 2.056e-02, l_feat_G: 3.030e-01, l_pp_G: 2.042e-03, l_gan_G: 1.401e-02, p_fake_G: -1.054e+00
2021-12-04 18:42:43,233 [INFO]: [epoch: 1 | iter: 8300 | lr_G: 1.00e-04 | lr_D: 1.00e-04] l_gan_D: 3.467e-02, p_real_D: 9.016e-01, p_fake_D: -9.897e-01, distance: 9.254e-01, n_upd_D: 1.191e+02, l_pix_G: 4.705e-02, l_warp_G: 2.151e-02, l_feat_G: 3.085e-01, l_pp_G: 2.072e-03, l_gan_G: 1.353e-02, p_fake_G: -9.848e-01
2021-12-04 18:43:44,155 [INFO]: [epoch: 1 | iter: 8400 | lr_G: 1.00e-04 | lr_D: 1.00e-04] l_gan_D: 3.324e-02, p_real_D: 1.227e+00, p_fake_D: -8.580e-01, distance: 9.155e-01, n_upd_D: 1.222e+02, l_pix_G: 4.647e-02, l_warp_G: 2.018e-02, l_feat_G: 3.044e-01, l_pp_G: 1.954e-03, l_gan_G: 1.267e-02, p_fake_G: -8.658e-01
2021-12-04 18:44:38,934 [INFO]: [epoch: 1 | iter: 8500 | lr_G: 1.00e-04 | lr_D: 1.00e-04] l_gan_D: 1.746e-02, p_real_D: 9.621e-01, p_fake_D: -1.157e+00, distance: 1.050e+00, n_upd_D: 1.246e+02, l_pix_G: 4.676e-02, l_warp_G: 2.034e-02, l_feat_G: 3.049e-01, l_pp_G: 2.077e-03, l_gan_G: 1.481e-02, p_fake_G: -1.161e+00
2021-12-04 18:45:37,381 [INFO]: [epoch: 1 | iter: 8600 | lr_G: 1.00e-04 | lr_D: 1.00e-04] l_gan_D: 6.393e-03, p_real_D: 8.494e-01, p_fake_D: -1.292e+00, distance: 1.118e+00, n_upd_D: 1.255e+02, l_pix_G: 4.707e-02, l_warp_G: 2.117e-02, l_feat_G: 3.075e-01, l_pp_G: 2.064e-03, l_gan_G: 1.575e-02, p_fake_G: -1.294e+00
2021-12-04 18:46:32,401 [INFO]: [epoch: 1 | iter: 8700 | lr_G: 1.00e-04 | lr_D: 1.00e-04] l_gan_D: 1.456e-02, p_real_D: 9.059e-01, p_fake_D: -1.290e+00, distance: 1.139e+00, n_upd_D: 1.268e+02, l_pix_G: 4.684e-02, l_warp_G: 1.958e-02, l_feat_G: 3.013e-01, l_pp_G: 2.105e-03, l_gan_G: 1.574e-02, p_fake_G: -1.290e+00
2021-12-04 18:47:29,138 [INFO]: [epoch: 1 | iter: 8800 | lr_G: 1.00e-04 | lr_D: 1.00e-04] l_gan_D: 5.330e-03, p_real_D: 8.722e-01, p_fake_D: -1.264e+00, distance: 1.115e+00, n_upd_D: 1.276e+02, l_pix_G: 4.805e-02, l_warp_G: 2.193e-02, l_feat_G: 3.032e-01, l_pp_G: 2.271e-03, l_gan_G: 1.555e-02, p_fake_G: -1.264e+00
2021-12-04 18:48:31,093 [INFO]: [epoch: 1 | iter: 8900 | lr_G: 1.00e-04 | lr_D: 1.00e-04] l_gan_D: 1.036e-02, p_real_D: 9.234e-01, p_fake_D: -1.142e+00, distance: 1.033e+00, n_upd_D: 1.281e+02, l_pix_G: 4.493e-02, l_warp_G: 2.060e-02, l_feat_G: 3.031e-01, l_pp_G: 2.117e-03, l_gan_G: 1.464e-02, p_fake_G: -1.142e+00
2021-12-04 18:49:27,944 [INFO]: [epoch: 1 | iter: 9000 | lr_G: 1.00e-04 | lr_D: 1.00e-04] l_gan_D: 3.793e-03, p_real_D: 9.246e-01, p_fake_D: -1.054e+00, distance: 9.709e-01, n_upd_D: 1.287e+02, l_pix_G: 4.442e-02, l_warp_G: 2.052e-02, l_feat_G: 3.064e-01, l_pp_G: 2.139e-03, l_gan_G: 1.399e-02, p_fake_G: -1.054e+00
2021-12-04 18:49:27,945 [INFO]: Testing on test: Vid4
torch.Size([41, 144, 180, 3])
torch.Size([34, 144, 176, 3])
torch.Size([49, 120, 180, 3])
torch.Size([47, 120, 180, 3])
2021-12-04 18:50:52,654 [INFO]: [epoch: 1 | iter: 9100 | lr_G: 1.00e-04 | lr_D: 1.00e-04] l_gan_D: 2.853e-02, p_real_D: 1.060e+00, p_fake_D: -9.149e-01, distance: 9.163e-01, n_upd_D: 1.307e+02, l_pix_G: 4.562e-02, l_warp_G: 2.024e-02, l_feat_G: 3.113e-01, l_pp_G: 2.079e-03, l_gan_G: 1.307e-02, p_fake_G: -9.236e-01
2021-12-04 18:51:47,982 [INFO]: [epoch: 1 | iter: 9200 | lr_G: 1.00e-04 | lr_D: 1.00e-04] l_gan_D: 2.388e-02, p_real_D: 8.472e-01, p_fake_D: -1.092e+00, distance: 9.814e-01, n_upd_D: 1.322e+02, l_pix_G: 4.642e-02, l_warp_G: 2.168e-02, l_feat_G: 3.069e-01, l_pp_G: 2.225e-03, l_gan_G: 1.437e-02, p_fake_G: -1.096e+00
2021-12-04 18:52:52,178 [INFO]: [epoch: 1 | iter: 9300 | lr_G: 1.00e-04 | lr_D: 1.00e-04] l_gan_D: 4.205e-02, p_real_D: 6.115e-01, p_fake_D: -1.219e+00, distance: 9.849e-01, n_upd_D: 1.335e+02, l_pix_G: 4.403e-02, l_warp_G: 2.087e-02, l_feat_G: 3.051e-01, l_pp_G: 2.117e-03, l_gan_G: 1.517e-02, p_fake_G: -1.210e+00
2021-12-04 18:53:49,321 [INFO]: [epoch: 1 | iter: 9400 | lr_G: 1.00e-04 | lr_D: 1.00e-04] l_gan_D: 7.394e-02, p_real_D: 8.976e-01, p_fake_D: -9.195e-01, distance: 8.818e-01, n_upd_D: 1.380e+02, l_pix_G: 4.469e-02, l_warp_G: 2.091e-02, l_feat_G: 3.124e-01, l_pp_G: 2.149e-03, l_gan_G: 1.323e-02, p_fake_G: -9.236e-01
2021-12-04 18:54:46,428 [INFO]: [epoch: 1 | iter: 9500 | lr_G: 1.00e-04 | lr_D: 1.00e-04] l_gan_D: 3.295e-02, p_real_D: 8.425e-01, p_fake_D: -1.040e+00, distance: 9.635e-01, n_upd_D: 1.423e+02, l_pix_G: 4.420e-02, l_warp_G: 2.065e-02, l_feat_G: 3.052e-01, l_pp_G: 2.068e-03, l_gan_G: 1.417e-02, p_fake_G: -1.042e+00
2021-12-04 18:55:47,831 [INFO]: [epoch: 1 | iter: 9600 | lr_G: 1.00e-04 | lr_D: 1.00e-04] l_gan_D: 1.206e-02, p_real_D: 7.492e-01, p_fake_D: -1.133e+00, distance: 9.999e-01, n_upd_D: 1.440e+02, l_pix_G: 4.238e-02, l_warp_G: 1.930e-02, l_feat_G: 2.985e-01, l_pp_G: 2.005e-03, l_gan_G: 1.489e-02, p_fake_G: -1.134e+00
2021-12-04 18:56:47,525 [INFO]: [epoch: 1 | iter: 9700 | lr_G: 1.00e-04 | lr_D: 1.00e-04] l_gan_D: 5.516e-02, p_real_D: 9.472e-01, p_fake_D: -8.392e-01, distance: 8.483e-01, n_upd_D: 1.464e+02, l_pix_G: 4.140e-02, l_warp_G: 2.046e-02, l_feat_G: 2.942e-01, l_pp_G: 2.004e-03, l_gan_G: 1.269e-02, p_fake_G: -8.383e-01
2021-12-04 18:57:46,076 [INFO]: [epoch: 1 | iter: 9800 | lr_G: 1.00e-04 | lr_D: 1.00e-04] l_gan_D: 3.730e-02, p_real_D: 1.148e+00, p_fake_D: -8.507e-01, distance: 8.970e-01, n_upd_D: 1.499e+02, l_pix_G: 4.292e-02, l_warp_G: 2.120e-02, l_feat_G: 2.983e-01, l_pp_G: 2.050e-03, l_gan_G: 1.274e-02, p_fake_G: -8.605e-01
2021-12-04 18:58:40,627 [INFO]: [epoch: 1 | iter: 9900 | lr_G: 1.00e-04 | lr_D: 1.00e-04] l_gan_D: 2.424e-02, p_real_D: 3.417e-01, p_fake_D: -1.729e+00, distance: 1.261e+00, n_upd_D: 1.529e+02, l_pix_G: 4.483e-02, l_warp_G: 2.143e-02, l_feat_G: 3.026e-01, l_pp_G: 2.220e-03, l_gan_G: 1.980e-02, p_fake_G: -1.739e+00
2021-12-04 18:59:43,557 [INFO]: [epoch: 1 | iter: 10000 | lr_G: 1.00e-04 | lr_D: 1.00e-04] l_gan_D: 1.651e-02, p_real_D: -4.491e-01, p_fake_D: -2.372e+00, distance: 1.379e+00, n_upd_D: 1.545e+02, l_pix_G: 4.436e-02, l_warp_G: 2.059e-02, l_feat_G: 2.978e-01, l_pp_G: 2.287e-03, l_gan_G: 2.532e-02, p_fake_G: -2.382e+00
2021-12-04 18:59:43,558 [INFO]: Testing on test: Vid4
torch.Size([41, 144, 180, 3])
torch.Size([34, 144, 176, 3])
torch.Size([49, 120, 180, 3])
torch.Size([47, 120, 180, 3])
2021-12-04 19:01:08,464 [INFO]: [epoch: 1 | iter: 10100 | lr_G: 1.00e-04 | lr_D: 1.00e-04] l_gan_D: 3.858e-02, p_real_D: -1.199e+00, p_fake_D: -2.914e+00, distance: 1.368e+00, n_upd_D: 1.567e+02, l_pix_G: 4.278e-02, l_warp_G: 2.007e-02, l_feat_G: 2.937e-01, l_pp_G: 2.275e-03, l_gan_G: 3.011e-02, p_fake_G: -2.916e+00
2021-12-04 19:02:06,448 [INFO]: [epoch: 1 | iter: 10200 | lr_G: 1.00e-04 | lr_D: 1.00e-04] l_gan_D: 1.204e-01, p_real_D: -5.179e-01, p_fake_D: -1.997e+00, distance: 1.062e+00, n_upd_D: 1.652e+02, l_pix_G: 4.318e-02, l_warp_G: 2.123e-02, l_feat_G: 2.935e-01, l_pp_G: 2.333e-03, l_gan_G: 2.225e-02, p_fake_G: -1.998e+00
2021-12-04 19:03:06,036 [INFO]: [epoch: 1 | iter: 10300 | lr_G: 1.00e-04 | lr_D: 1.00e-04] l_gan_D: 1.262e-01, p_real_D: -1.072e-01, p_fake_D: -1.538e+00, distance: 9.289e-01, n_upd_D: 1.724e+02, l_pix_G: 4.210e-02, l_warp_G: 2.035e-02, l_feat_G: 2.946e-01, l_pp_G: 2.238e-03, l_gan_G: 1.812e-02, p_fake_G: -1.531e+00
2021-12-04 19:04:04,285 [INFO]: [epoch: 1 | iter: 10400 | lr_G: 1.00e-04 | lr_D: 1.00e-04] l_gan_D: 7.070e-02, p_real_D: -3.901e-02, p_fake_D: -1.475e+00, distance: 9.388e-01, n_upd_D: 1.814e+02, l_pix_G: 4.053e-02, l_warp_G: 2.045e-02, l_feat_G: 2.883e-01, l_pp_G: 2.276e-03, l_gan_G: 1.765e-02, p_fake_G: -1.479e+00
2021-12-04 19:05:05,938 [INFO]: [epoch: 1 | iter: 10500 | lr_G: 1.00e-04 | lr_D: 1.00e-04] l_gan_D: 3.007e-02, p_real_D: -2.767e-01, p_fake_D: -1.647e+00, distance: 9.455e-01, n_upd_D: 1.856e+02, l_pix_G: 4.407e-02, l_warp_G: 2.071e-02, l_feat_G: 2.942e-01, l_pp_G: 2.567e-03, l_gan_G: 1.892e-02, p_fake_G: -1.651e+00
2021-12-04 19:06:07,811 [INFO]: [epoch: 1 | iter: 10600 | lr_G: 1.00e-04 | lr_D: 1.00e-04] l_gan_D: 6.162e-02, p_real_D: -2.322e-01, p_fake_D: -1.479e+00, distance: 8.403e-01, n_upd_D: 1.884e+02, l_pix_G: 4.097e-02, l_warp_G: 2.121e-02, l_feat_G: 2.885e-01, l_pp_G: 2.423e-03, l_gan_G: 1.743e-02, p_fake_G: -1.473e+00
2021-12-04 19:07:12,325 [INFO]: [epoch: 1 | iter: 10700 | lr_G: 1.00e-04 | lr_D: 1.00e-04] l_gan_D: 6.796e-02, p_real_D: 5.302e-02, p_fake_D: -1.202e+00, distance: 7.846e-01, n_upd_D: 1.956e+02, l_pix_G: 3.911e-02, l_warp_G: 2.006e-02, l_feat_G: 2.847e-01, l_pp_G: 2.268e-03, l_gan_G: 1.543e-02, p_fake_G: -1.206e+00
2021-12-04 19:08:15,275 [INFO]: [epoch: 1 | iter: 10800 | lr_G: 1.00e-04 | lr_D: 1.00e-04] l_gan_D: 3.164e-02, p_real_D: -1.372e-01, p_fake_D: -1.314e+00, distance: 7.685e-01, n_upd_D: 1.994e+02, l_pix_G: 3.769e-02, l_warp_G: 2.012e-02, l_feat_G: 2.839e-01, l_pp_G: 2.248e-03, l_gan_G: 1.624e-02, p_fake_G: -1.318e+00
2021-12-04 19:09:13,140 [INFO]: [epoch: 1 | iter: 10900 | lr_G: 1.00e-04 | lr_D: 1.00e-04] l_gan_D: 9.317e-02, p_real_D: 8.080e-02, p_fake_D: -1.117e+00, distance: 7.201e-01, n_upd_D: 2.051e+02, l_pix_G: 3.670e-02, l_warp_G: 2.012e-02, l_feat_G: 2.785e-01, l_pp_G: 2.173e-03, l_gan_G: 1.469e-02, p_fake_G: -1.119e+00
2021-12-04 19:10:16,198 [INFO]: [epoch: 1 | iter: 11000 | lr_G: 1.00e-04 | lr_D: 1.00e-04] l_gan_D: 3.969e-02, p_real_D: -1.312e-01, p_fake_D: -1.392e+00, distance: 8.127e-01, n_upd_D: 2.100e+02, l_pix_G: 3.630e-02, l_warp_G: 2.061e-02, l_feat_G: 2.743e-01, l_pp_G: 2.199e-03, l_gan_G: 1.667e-02, p_fake_G: -1.397e+00
2021-12-04 19:10:16,198 [INFO]: Testing on test: Vid4
torch.Size([41, 144, 180, 3])
torch.Size([34, 144, 176, 3])
torch.Size([49, 120, 180, 3])
torch.Size([47, 120, 180, 3])
2021-12-04 19:11:44,501 [INFO]: [epoch: 1 | iter: 11100 | lr_G: 1.00e-04 | lr_D: 1.00e-04] l_gan_D: 2.727e-02, p_real_D: -4.775e-01, p_fake_D: -1.693e+00, distance: 8.580e-01, n_upd_D: 2.131e+02, l_pix_G: 3.663e-02, l_warp_G: 2.007e-02, l_feat_G: 2.750e-01, l_pp_G: 2.144e-03, l_gan_G: 1.902e-02, p_fake_G: -1.696e+00
2021-12-04 19:12:48,798 [INFO]: [epoch: 1 | iter: 11200 | lr_G: 1.00e-04 | lr_D: 1.00e-04] l_gan_D: 8.749e-02, p_real_D: -7.459e-02, p_fake_D: -1.281e+00, distance: 7.711e-01, n_upd_D: 2.208e+02, l_pix_G: 3.660e-02, l_warp_G: 2.060e-02, l_feat_G: 2.789e-01, l_pp_G: 2.229e-03, l_gan_G: 1.586e-02, p_fake_G: -1.285e+00
2021-12-04 19:13:49,834 [INFO]: [epoch: 1 | iter: 11300 | lr_G: 1.00e-04 | lr_D: 1.00e-04] l_gan_D: 4.637e-02, p_real_D: -1.069e-01, p_fake_D: -1.343e+00, distance: 7.979e-01, n_upd_D: 2.261e+02, l_pix_G: 3.600e-02, l_warp_G: 2.052e-02, l_feat_G: 2.783e-01, l_pp_G: 2.117e-03, l_gan_G: 1.622e-02, p_fake_G: -1.348e+00
2021-12-04 19:14:52,355 [INFO]: [epoch: 1 | iter: 11400 | lr_G: 1.00e-04 | lr_D: 1.00e-04] l_gan_D: 1.310e-01, p_real_D: 1.212e-01, p_fake_D: -1.140e+00, distance: 7.492e-01, n_upd_D: 2.316e+02, l_pix_G: 3.660e-02, l_warp_G: 2.050e-02, l_feat_G: 2.713e-01, l_pp_G: 2.173e-03, l_gan_G: 1.476e-02, p_fake_G: -1.143e+00
2021-12-04 19:15:50,488 [INFO]: [epoch: 1 | iter: 11500 | lr_G: 1.00e-04 | lr_D: 1.00e-04] l_gan_D: 1.183e-01, p_real_D: 9.138e-02, p_fake_D: -1.178e+00, distance: 7.876e-01, n_upd_D: 2.413e+02, l_pix_G: 3.690e-02, l_warp_G: 2.117e-02, l_feat_G: 2.773e-01, l_pp_G: 2.310e-03, l_gan_G: 1.516e-02, p_fake_G: -1.185e+00
2021-12-04 19:16:51,569 [INFO]: [epoch: 1 | iter: 11600 | lr_G: 1.00e-04 | lr_D: 1.00e-04] l_gan_D: 1.239e-01, p_real_D: 1.628e-02, p_fake_D: -1.230e+00, distance: 7.992e-01, n_upd_D: 2.505e+02, l_pix_G: 3.674e-02, l_warp_G: 2.038e-02, l_feat_G: 2.795e-01, l_pp_G: 2.278e-03, l_gan_G: 1.554e-02, p_fake_G: -1.236e+00
2021-12-04 19:17:54,428 [INFO]: [epoch: 1 | iter: 11700 | lr_G: 1.00e-04 | lr_D: 1.00e-04] l_gan_D: 1.066e-01, p_real_D: 8.958e-02, p_fake_D: -1.177e+00, distance: 7.827e-01, n_upd_D: 2.584e+02, l_pix_G: 3.643e-02, l_warp_G: 2.171e-02, l_feat_G: 2.780e-01, l_pp_G: 2.305e-03, l_gan_G: 1.497e-02, p_fake_G: -1.162e+00
2021-12-04 19:19:02,745 [INFO]: [epoch: 1 | iter: 11800 | lr_G: 1.00e-04 | lr_D: 1.00e-04] l_gan_D: 1.546e-01, p_real_D: -2.533e-01, p_fake_D: -1.490e+00, distance: 8.311e-01, n_upd_D: 2.685e+02, l_pix_G: 3.488e-02, l_warp_G: 2.015e-02, l_feat_G: 2.757e-01, l_pp_G: 2.290e-03, l_gan_G: 1.804e-02, p_fake_G: -1.500e+00
2021-12-04 19:20:04,203 [INFO]: [epoch: 1 | iter: 11900 | lr_G: 1.00e-04 | lr_D: 1.00e-04] l_gan_D: 9.011e-02, p_real_D: -1.071e-01, p_fake_D: -1.369e+00, distance: 8.347e-01, n_upd_D: 2.792e+02, l_pix_G: 3.553e-02, l_warp_G: 2.062e-02, l_feat_G: 2.750e-01, l_pp_G: 2.266e-03, l_gan_G: 1.681e-02, p_fake_G: -1.374e+00
2021-12-04 19:21:00,987 [INFO]: [epoch: 1 | iter: 12000 | lr_G: 1.00e-04 | lr_D: 1.00e-04] l_gan_D: 1.191e-01, p_real_D: -3.018e-02, p_fake_D: -1.223e+00, distance: 7.625e-01, n_upd_D: 2.871e+02, l_pix_G: 3.481e-02, l_warp_G: 2.103e-02, l_feat_G: 2.767e-01, l_pp_G: 2.266e-03, l_gan_G: 1.564e-02, p_fake_G: -1.232e+00
2021-12-04 19:21:00,988 [INFO]: Testing on test: Vid4
torch.Size([41, 144, 180, 3])
torch.Size([34, 144, 176, 3])
torch.Size([49, 120, 180, 3])
torch.Size([47, 120, 180, 3])
2021-12-04 19:22:26,041 [INFO]: [epoch: 1 | iter: 12100 | lr_G: 1.00e-04 | lr_D: 1.00e-04] l_gan_D: 8.655e-02, p_real_D: -3.449e-01, p_fake_D: -1.450e+00, distance: 7.535e-01, n_upd_D: 2.942e+02, l_pix_G: 3.402e-02, l_warp_G: 2.186e-02, l_feat_G: 2.677e-01, l_pp_G: 2.196e-03, l_gan_G: 1.744e-02, p_fake_G: -1.447e+00
2021-12-04 19:23:34,873 [INFO]: [epoch: 1 | iter: 12200 | lr_G: 1.00e-04 | lr_D: 1.00e-04] l_gan_D: 1.662e-01, p_real_D: -2.505e-01, p_fake_D: -1.316e+00, distance: 7.024e-01, n_upd_D: 3.043e+02, l_pix_G: 3.432e-02, l_warp_G: 2.123e-02, l_feat_G: 2.659e-01, l_pp_G: 2.173e-03, l_gan_G: 1.650e-02, p_fake_G: -1.318e+00
2021-12-04 19:24:32,445 [INFO]: [epoch: 1 | iter: 12300 | lr_G: 1.00e-04 | lr_D: 1.00e-04] l_gan_D: 1.760e-01, p_real_D: -2.449e-01, p_fake_D: -1.252e+00, distance: 6.701e-01, n_upd_D: 3.162e+02, l_pix_G: 3.509e-02, l_warp_G: 2.117e-02, l_feat_G: 2.766e-01, l_pp_G: 2.307e-03, l_gan_G: 1.599e-02, p_fake_G: -1.262e+00
2021-12-04 19:25:32,483 [INFO]: [epoch: 1 | iter: 12400 | lr_G: 1.00e-04 | lr_D: 1.00e-04] l_gan_D: 1.833e-01, p_real_D: -7.125e-01, p_fake_D: -1.628e+00, distance: 6.692e-01, n_upd_D: 3.271e+02, l_pix_G: 3.500e-02, l_warp_G: 2.069e-02, l_feat_G: 2.689e-01, l_pp_G: 2.304e-03, l_gan_G: 1.902e-02, p_fake_G: -1.634e+00
2021-12-04 19:26:32,448 [INFO]: [epoch: 1 | iter: 12500 | lr_G: 1.00e-04 | lr_D: 1.00e-04] l_gan_D: 1.287e-01, p_real_D: -1.862e-01, p_fake_D: -1.244e+00, distance: 6.749e-01, n_upd_D: 3.406e+02, l_pix_G: 3.440e-02, l_warp_G: 2.203e-02, l_feat_G: 2.696e-01, l_pp_G: 2.345e-03, l_gan_G: 1.594e-02, p_fake_G: -1.254e+00
2021-12-04 19:27:30,551 [INFO]: [epoch: 1 | iter: 12600 | lr_G: 1.00e-04 | lr_D: 1.00e-04] l_gan_D: 1.412e-01, p_real_D: -2.118e-01, p_fake_D: -1.267e+00, distance: 6.834e-01, n_upd_D: 3.520e+02, l_pix_G: 3.322e-02, l_warp_G: 2.116e-02, l_feat_G: 2.643e-01, l_pp_G: 2.220e-03, l_gan_G: 1.604e-02, p_fake_G: -1.276e+00
2021-12-04 19:28:30,497 [INFO]: [epoch: 1 | iter: 12700 | lr_G: 1.00e-04 | lr_D: 1.00e-04] l_gan_D: 1.442e-01, p_real_D: -3.368e-01, p_fake_D: -1.319e+00, distance: 6.605e-01, n_upd_D: 3.610e+02, l_pix_G: 3.347e-02, l_warp_G: 2.091e-02, l_feat_G: 2.667e-01, l_pp_G: 2.194e-03, l_gan_G: 1.636e-02, p_fake_G: -1.324e+00
2021-12-04 19:29:40,216 [INFO]: [epoch: 1 | iter: 12800 | lr_G: 1.00e-04 | lr_D: 1.00e-04] l_gan_D: 2.607e-01, p_real_D: -3.304e-01, p_fake_D: -1.289e+00, distance: 6.467e-01, n_upd_D: 3.753e+02, l_pix_G: 3.337e-02, l_warp_G: 2.190e-02, l_feat_G: 2.647e-01, l_pp_G: 2.153e-03, l_gan_G: 1.629e-02, p_fake_G: -1.301e+00
2021-12-04 19:30:44,843 [INFO]: [epoch: 1 | iter: 12900 | lr_G: 1.00e-04 | lr_D: 1.00e-04] l_gan_D: 2.101e-01, p_real_D: -2.088e-01, p_fake_D: -1.192e+00, distance: 6.452e-01, n_upd_D: 3.941e+02, l_pix_G: 3.334e-02, l_warp_G: 2.128e-02, l_feat_G: 2.688e-01, l_pp_G: 2.238e-03, l_gan_G: 1.550e-02, p_fake_G: -1.203e+00
2021-12-04 19:31:52,609 [INFO]: [epoch: 1 | iter: 13000 | lr_G: 1.00e-04 | lr_D: 1.00e-04] l_gan_D: 1.979e-01, p_real_D: -4.575e-01, p_fake_D: -1.396e+00, distance: 6.570e-01, n_upd_D: 4.057e+02, l_pix_G: 3.415e-02, l_warp_G: 2.204e-02, l_feat_G: 2.721e-01, l_pp_G: 2.269e-03, l_gan_G: 1.688e-02, p_fake_G: -1.396e+00
2021-12-04 19:31:52,610 [INFO]: Testing on test: Vid4
torch.Size([41, 144, 180, 3])
torch.Size([34, 144, 176, 3])
torch.Size([49, 120, 180, 3])
torch.Size([47, 120, 180, 3])
